2019-05-04 01:29:25  [ main:0 ] - [ INFO ]  D:\demoworkspace\springmvcframework\target\classes\com\lanlongbin\springframework\demo
2019-05-04 01:29:25  [ main:14 ] - [ INFO ]  该路径为： file:/D:/demoworkspace/springmvcframework/target/classes/com/lanlongbin/springframework/demo
2019-05-04 01:30:38  [ main:0 ] - [ INFO ]  D:\demoworkspace\springmvcframework\target\classes\com\lanlongbin\springframework\demo
2019-05-04 01:30:38  [ main:3 ] - [ INFO ]  D:\demoworkspace\springmvcframework\target\classes\com\lanlongbin\springframework\demo\Test.class
2019-05-04 01:30:38  [ main:3 ] - [ INFO ]  该路径为： file:/D:/demoworkspace/springmvcframework/target/classes/com/lanlongbin/springframework/demo
2019-05-04 01:32:36  [ main:1 ] - [ INFO ]  packageNamecom.lanlongbin.springframework.demo
2019-05-04 01:32:36  [ main:3 ] - [ INFO ]  urlfile:/D:/demoworkspace/springmvcframework/target/classes/com/lanlongbin/springframework/demo
2019-05-04 01:32:36  [ main:4 ] - [ INFO ]  dirD:\demoworkspace\springmvcframework\target\classes\com\lanlongbin\springframework\demo
2019-05-04 01:32:36  [ main:4 ] - [ INFO ]  D:\demoworkspace\springmvcframework\target\classes\com\lanlongbin\springframework\demo\Test.class
2019-05-04 01:32:36  [ main:6 ] - [ INFO ]  该路径为： file:/D:/demoworkspace/springmvcframework/target/classes/com/lanlongbin/springframework/demo
2019-05-04 01:33:57  [ main:0 ] - [ INFO ]  packageName com.lanlongbin.springframework.demo
2019-05-04 01:33:57  [ main:3 ] - [ INFO ]  url file:/D:/demoworkspace/springmvcframework/target/classes/com/lanlongbin/springframework/demo
2019-05-04 01:33:57  [ main:3 ] - [ INFO ]  dir D:\demoworkspace\springmvcframework\target\classes\com\lanlongbin\springframework\demo
2019-05-04 01:33:57  [ main:3 ] - [ INFO ]  file D:\demoworkspace\springmvcframework\target\classes\com\lanlongbin\springframework\demo\Test.class
2019-05-04 01:33:57  [ main:5 ] - [ INFO ]  该路径为： file:/D:/demoworkspace/springmvcframework/target/classes/com/lanlongbin/springframework/demo
2019-05-04 01:36:04  [ main:0 ] - [ INFO ]  packageName com.lanlongbin.springframework.demo
2019-05-04 01:36:04  [ main:4 ] - [ INFO ]  url file:/D:/demoworkspace/springmvcframework/target/classes/com/lanlongbin/springframework/demo
2019-05-04 01:36:04  [ main:4 ] - [ INFO ]  dir D:\demoworkspace\springmvcframework\target\classes\com\lanlongbin\springframework\demo
2019-05-04 01:36:04  [ main:5 ] - [ INFO ]  files [Ljava.io.File;@9807454
2019-05-04 01:36:04  [ main:6 ] - [ INFO ]  file D:\demoworkspace\springmvcframework\target\classes\com\lanlongbin\springframework\demo\Test.class
2019-05-04 01:36:04  [ main:7 ] - [ INFO ]  该路径为： file:/D:/demoworkspace/springmvcframework/target/classes/com/lanlongbin/springframework/demo
2019-05-04 01:45:54  [ main:0 ] - [ INFO ]  packageName com.lanlongbin.springframework.demo
2019-05-04 01:45:54  [ main:10 ] - [ INFO ]  class com.lanlongbin.springframework.demo.Test
2019-05-04 13:54:02  [ main:0 ] - [ INFO ]  packageName com.lanlongbin.springframework.demo
2019-05-04 13:54:02  [ main:105 ] - [ INFO ]  packageName com.lanlongbin.springframework.demo.controller
2019-05-04 13:54:02  [ main:108 ] - [ INFO ]  packageName com.lanlongbin.springframework.demo.service
2019-05-04 13:54:02  [ main:110 ] - [ INFO ]  packageName com.lanlongbin.springframework.demo.service.impl
2019-05-04 13:54:03  [ main:1282 ] - [ INFO ]  class com.lanlongbin.springframework.demo.controller.UserController
2019-05-04 13:54:03  [ main:1309 ] - [ INFO ]  class com.lanlongbin.springframework.demo.service.impl.UserServiceImpl
2019-05-04 13:54:03  [ main:1311 ] - [ INFO ]  interface com.lanlongbin.springframework.demo.service.UserService
2019-05-04 13:54:07  [ main:5252 ] - [ ERROR ]  LanApplicationContext初始化失败
2019-05-04 13:54:26  [ main:0 ] - [ INFO ]  packageName com.lanlongbin.springframework.demo
2019-05-04 13:54:26  [ main:6 ] - [ INFO ]  packageName com.lanlongbin.springframework.demo.controller
2019-05-04 13:54:26  [ main:8 ] - [ INFO ]  packageName com.lanlongbin.springframework.demo.service
2019-05-04 13:54:26  [ main:9 ] - [ INFO ]  packageName com.lanlongbin.springframework.demo.service.impl
2019-05-04 13:54:27  [ main:1651 ] - [ INFO ]  class com.lanlongbin.springframework.demo.controller.UserController
2019-05-04 13:54:27  [ main:1675 ] - [ INFO ]  class com.lanlongbin.springframework.demo.service.impl.UserServiceImpl
2019-05-04 13:54:27  [ main:1676 ] - [ INFO ]  interface com.lanlongbin.springframework.demo.service.UserService
2019-05-04 13:55:32  [ main:66156 ] - [ ERROR ]  LanApplicationContext初始化失败
2019-05-04 13:55:38  [ main:0 ] - [ INFO ]  packageName com.lanlongbin.springframework.demo
2019-05-04 13:55:38  [ main:6 ] - [ INFO ]  packageName com.lanlongbin.springframework.demo.controller
2019-05-04 13:55:38  [ main:7 ] - [ INFO ]  packageName com.lanlongbin.springframework.demo.service
2019-05-04 13:55:38  [ main:8 ] - [ INFO ]  packageName com.lanlongbin.springframework.demo.service.impl
2019-05-04 13:56:06  [ main:27755 ] - [ INFO ]  class com.lanlongbin.springframework.demo.controller.UserController
2019-05-04 13:56:33  [ main:55236 ] - [ INFO ]  class com.lanlongbin.springframework.demo.service.impl.UserServiceImpl
2019-05-04 13:56:58  [ main:80213 ] - [ INFO ]  interface com.lanlongbin.springframework.demo.service.UserService
2019-05-04 14:00:47  [ main:308812 ] - [ ERROR ]  LanApplicationContext初始化失败
2019-05-04 14:00:52  [ main:0 ] - [ INFO ]  packageName com.lanlongbin.springframework.demo
2019-05-04 14:00:52  [ main:4 ] - [ INFO ]  packageName com.lanlongbin.springframework.demo.controller
2019-05-04 14:00:52  [ main:5 ] - [ INFO ]  packageName com.lanlongbin.springframework.demo.service
2019-05-04 14:00:52  [ main:6 ] - [ INFO ]  packageName com.lanlongbin.springframework.demo.service.impl
2019-05-04 14:00:52  [ main:11 ] - [ INFO ]  class com.lanlongbin.springframework.demo.controller.UserController
2019-05-04 14:00:52  [ main:23 ] - [ INFO ]  class com.lanlongbin.springframework.demo.service.impl.UserServiceImpl
2019-05-04 14:00:52  [ main:24 ] - [ INFO ]  interface com.lanlongbin.springframework.demo.service.UserService
2019-05-04 14:00:52  [ main:26 ] - [ ERROR ]  LanApplicationContext初始化失败
2019-05-04 14:01:05  [ main:0 ] - [ INFO ]  packageName com.lanlongbin.springframework.demo
2019-05-04 14:01:05  [ main:6 ] - [ INFO ]  packageName com.lanlongbin.springframework.demo.controller
2019-05-04 14:01:05  [ main:8 ] - [ INFO ]  packageName com.lanlongbin.springframework.demo.service
2019-05-04 14:01:05  [ main:9 ] - [ INFO ]  packageName com.lanlongbin.springframework.demo.service.impl
2019-05-04 14:01:09  [ main:3347 ] - [ INFO ]  class com.lanlongbin.springframework.demo.controller.UserController
2019-05-04 14:01:19  [ main:13122 ] - [ INFO ]  class com.lanlongbin.springframework.demo.service.impl.UserServiceImpl
2019-05-04 14:01:26  [ main:20347 ] - [ INFO ]  interface com.lanlongbin.springframework.demo.service.UserService
2019-05-04 14:01:54  [ main:48209 ] - [ ERROR ]  LanApplicationContext初始化失败
2019-05-04 14:02:41  [ main:0 ] - [ INFO ]  packageName com.lanlongbin.springframework.demo
2019-05-04 14:02:41  [ main:4 ] - [ INFO ]  packageName com.lanlongbin.springframework.demo.controller
2019-05-04 14:02:41  [ main:5 ] - [ INFO ]  packageName com.lanlongbin.springframework.demo.service
2019-05-04 14:02:41  [ main:6 ] - [ INFO ]  packageName com.lanlongbin.springframework.demo.service.impl
2019-05-04 14:02:41  [ main:10 ] - [ INFO ]  class com.lanlongbin.springframework.demo.controller.UserController
2019-05-04 14:02:41  [ main:21 ] - [ INFO ]  class com.lanlongbin.springframework.demo.service.impl.UserServiceImpl
2019-05-04 14:02:41  [ main:22 ] - [ INFO ]  interface com.lanlongbin.springframework.demo.service.UserService
2019-05-04 14:02:41  [ main:24 ] - [ INFO ]  class com.lanlongbin.springframework.demo.ServiceImp
2019-05-04 14:02:41  [ main:25 ] - [ INFO ]  class com.lanlongbin.springframework.demo.Test
2019-05-04 14:06:03  [ main:0 ] - [ INFO ]  packageName com.lanlongbin.springframework.demo
2019-05-04 14:06:03  [ main:0 ] - [ INFO ]  packageName com.lanlongbin.springframework.demo.controller
2019-05-04 14:06:03  [ main:1 ] - [ INFO ]  packageName com.lanlongbin.springframework.demo.service
2019-05-04 14:06:03  [ main:1 ] - [ INFO ]  packageName com.lanlongbin.springframework.demo.service.impl
2019-05-04 14:06:03  [ main:2 ] - [ INFO ]  class com.lanlongbin.springframework.demo.controller.UserController
2019-05-04 14:06:04  [ main:9 ] - [ INFO ]  class com.lanlongbin.springframework.demo.service.impl.UserServiceImpl
2019-05-04 14:06:04  [ main:10 ] - [ INFO ]  interface com.lanlongbin.springframework.demo.service.UserService
2019-05-04 14:06:04  [ main:11 ] - [ INFO ]  class com.lanlongbin.springframework.demo.ServiceImp
2019-05-04 14:06:04  [ main:12 ] - [ INFO ]  class com.lanlongbin.springframework.demo.Test
2019-05-04 14:06:04  [ main:14 ] - [ INFO ]  ioc容器初始化完成..
2019-05-04 14:08:47  [ main:0 ] - [ INFO ]  packageName com.lanlongbin.springframework.demo
2019-05-04 14:08:47  [ main:1 ] - [ INFO ]  packageName com.lanlongbin.springframework.demo.controller
2019-05-04 14:08:47  [ main:1 ] - [ INFO ]  packageName com.lanlongbin.springframework.demo.service
2019-05-04 14:08:47  [ main:2 ] - [ INFO ]  packageName com.lanlongbin.springframework.demo.service.impl
2019-05-04 14:08:47  [ main:3 ] - [ INFO ]  class com.lanlongbin.springframework.demo.controller.UserController
2019-05-04 14:08:47  [ main:11 ] - [ INFO ]  class com.lanlongbin.springframework.demo.service.impl.UserServiceImpl
2019-05-04 14:08:47  [ main:11 ] - [ INFO ]  interface com.lanlongbin.springframework.demo.service.UserService
2019-05-04 14:08:47  [ main:13 ] - [ INFO ]  class com.lanlongbin.springframework.demo.ServiceImp
2019-05-04 14:08:47  [ main:13 ] - [ INFO ]  class com.lanlongbin.springframework.demo.Test
2019-05-04 14:08:47  [ main:15 ] - [ INFO ]  ioc容器初始化完成..
2019-05-04 14:09:35  [ main:0 ] - [ INFO ]  packageName com.lanlongbin.springframework.demo
2019-05-04 14:09:35  [ main:1 ] - [ INFO ]  packageName com.lanlongbin.springframework.demo.controller
2019-05-04 14:09:35  [ main:1 ] - [ INFO ]  packageName com.lanlongbin.springframework.demo.service
2019-05-04 14:09:35  [ main:2 ] - [ INFO ]  packageName com.lanlongbin.springframework.demo.service.impl
2019-05-04 14:09:49  [ main:13348 ] - [ INFO ]  class com.lanlongbin.springframework.demo.controller.UserController
2019-05-04 14:09:53  [ main:17707 ] - [ INFO ]  class com.lanlongbin.springframework.demo.service.impl.UserServiceImpl
2019-05-04 14:09:57  [ main:21298 ] - [ INFO ]  interface com.lanlongbin.springframework.demo.service.UserService
2019-05-04 14:12:35  [ main:179706 ] - [ INFO ]  class com.lanlongbin.springframework.demo.ServiceImp
2019-05-04 14:12:35  [ main:179707 ] - [ INFO ]  class com.lanlongbin.springframework.demo.Test
2019-05-04 14:12:35  [ main:179711 ] - [ INFO ]  ioc容器初始化完成..
2019-05-04 14:12:43  [ main:0 ] - [ INFO ]  packageName com.lanlongbin.springframework.demo
2019-05-04 14:12:43  [ main:1 ] - [ INFO ]  packageName com.lanlongbin.springframework.demo.controller
2019-05-04 14:12:43  [ main:2 ] - [ INFO ]  packageName com.lanlongbin.springframework.demo.service
2019-05-04 14:12:43  [ main:3 ] - [ INFO ]  packageName com.lanlongbin.springframework.demo.service.impl
2019-05-04 14:12:43  [ main:4 ] - [ INFO ]  class com.lanlongbin.springframework.demo.controller.UserController
2019-05-04 14:12:43  [ main:13 ] - [ INFO ]  class com.lanlongbin.springframework.demo.service.impl.UserServiceImpl
2019-05-04 14:12:43  [ main:15 ] - [ INFO ]  interface com.lanlongbin.springframework.demo.service.UserService
2019-05-04 14:12:43  [ main:15 ] - [ INFO ]  class com.lanlongbin.springframework.demo.ServiceImp
2019-05-04 14:12:43  [ main:16 ] - [ INFO ]  class com.lanlongbin.springframework.demo.Test
2019-05-04 14:12:43  [ main:18 ] - [ INFO ]  ioc容器初始化完成..
2019-05-04 14:14:16  [ main:0 ] - [ INFO ]  packageName com.lanlongbin.springframework.demo
2019-05-04 14:14:16  [ main:0 ] - [ INFO ]  packageName com.lanlongbin.springframework.demo.controller
2019-05-04 14:14:16  [ main:1 ] - [ INFO ]  packageName com.lanlongbin.springframework.demo.service
2019-05-04 14:14:16  [ main:1 ] - [ INFO ]  packageName com.lanlongbin.springframework.demo.service.impl
2019-05-04 14:14:17  [ main:1239 ] - [ INFO ]  class com.lanlongbin.springframework.demo.controller.UserController
2019-05-04 14:14:17  [ main:1250 ] - [ INFO ]  interface com.lanlongbin.springframework.demo.service.GoodsService
2019-05-04 14:14:17  [ main:1251 ] - [ INFO ]  class com.lanlongbin.springframework.demo.service.impl.GoodsServiceImpl
2019-05-04 14:14:17  [ main:1254 ] - [ INFO ]  class com.lanlongbin.springframework.demo.service.impl.UserServiceImpl
2019-05-04 14:14:17  [ main:1254 ] - [ INFO ]  interface com.lanlongbin.springframework.demo.service.UserService
2019-05-04 14:14:17  [ main:1255 ] - [ INFO ]  class com.lanlongbin.springframework.demo.ServiceImp
2019-05-04 14:14:17  [ main:1256 ] - [ INFO ]  class com.lanlongbin.springframework.demo.Test
2019-05-04 14:14:17  [ main:1260 ] - [ INFO ]  ioc容器初始化完成..
